<?xml version="1.0" encoding="UTF-8"?>
<testsuite xmlns:xsi="http://www.w3.org/2001/XMLSchema-instance" xsi:noNamespaceSchemaLocation="https://maven.apache.org/surefire/maven-surefire-plugin/xsd/surefire-test-report-3.0.xsd" version="3.0" name="guru.springframework.sfgpetclinic.SfgPetClinicApplicationTests" time="5.446" tests="1" errors="0" skipped="0" failures="0">
  <properties>
[...]
</properties>
  <testcase name="contextLoads" classname="guru.springframework.sfgpetclinic.SfgPetClinicApplicationTests" time="0.458">
    <system-out><![CDATA[21:19:49.083 [main] INFO org.springframework.test.context.support.AnnotationConfigContextLoaderUtils -- Could not detect default configuration classes for test class [guru.springframework.sfgpetclinic.SfgPetClinicApplicationTests]: SfgPetClinicApplicationTests does not declare any static, non-private, non-final, nested classes annotated with @Configuration.
21:19:49.156 [main] INFO org.springframework.boot.test.context.SpringBootTestContextBootstrapper -- Found @SpringBootConfiguration guru.springframework.sfgpetclinic.SfgPetClinicApplication for test class guru.springframework.sfgpetclinic.SfgPetClinicApplicationTests
#    ____     ____      ____                 _   _     ____   
#   / __"| uU|  _"\ uU |  _"\ u     ___     | \ |"| U /"___|u 
#  <\___ \/ \| |_) |/ \| |_) |/    |_"_|   <|  \| |>\| |  _ / 
#   u___) |  |  __/    |  _ <       | |    U| |\  |u | |_| |  
#   |____/>> |_|       |_| \_\    U/| |\u   |_| \_|   \____|  
#    )(  (__)||>>_     //   \\_.-,_|___|_,-.||   \\,-._)(|_   
#   (__)    (__)__)   (__)  (__)\_)-' '-(_/ (_")  (_/(__)__)



2023-06-10T21:19:49.535-04:00  INFO 22156 --- [           main] g.s.s.SfgPetClinicApplicationTests       : Starting SfgPetClinicApplicationTests using Java 17.0.4.1 with PID 22156 (started by laaka in C:\Users\laaka\IdeaProjects\sfg-pet-clinic\pet-clinic-web)
2023-06-10T21:19:49.536-04:00  INFO 22156 --- [           main] g.s.s.SfgPetClinicApplicationTests       : No active profile set, falling back to 1 default profile: "default"
2023-06-10T21:19:50.306-04:00  INFO 22156 --- [           main] .s.d.r.c.RepositoryConfigurationDelegate : Bootstrapping Spring Data JPA repositories in DEFAULT mode.
2023-06-10T21:19:50.331-04:00  INFO 22156 --- [           main] .s.d.r.c.RepositoryConfigurationDelegate : Finished Spring Data repository scanning in 15 ms. Found 0 JPA repository interfaces.
2023-06-10T21:19:50.861-04:00  INFO 22156 --- [           main] com.zaxxer.hikari.HikariDataSource       : HikariPool-1 - Starting...
2023-06-10T21:19:51.085-04:00  INFO 22156 --- [           main] com.zaxxer.hikari.pool.HikariPool        : HikariPool-1 - Added connection conn0: url=jdbc:h2:mem:9e13715d-575b-412c-9713-6f8c7fc220b9 user=SA
2023-06-10T21:19:51.086-04:00  INFO 22156 --- [           main] com.zaxxer.hikari.HikariDataSource       : HikariPool-1 - Start completed.
2023-06-10T21:19:51.153-04:00  INFO 22156 --- [           main] o.hibernate.jpa.internal.util.LogHelper  : HHH000204: Processing PersistenceUnitInfo [name: default]
2023-06-10T21:19:51.198-04:00  INFO 22156 --- [           main] org.hibernate.Version                    : HHH000412: Hibernate ORM core version 6.2.2.Final
2023-06-10T21:19:51.201-04:00  INFO 22156 --- [           main] org.hibernate.cfg.Environment            : HHH000406: Using bytecode reflection optimizer
2023-06-10T21:19:51.448-04:00  INFO 22156 --- [           main] o.h.b.i.BytecodeProviderInitiator        : HHH000021: Bytecode provider name : bytebuddy
2023-06-10T21:19:51.598-04:00  INFO 22156 --- [           main] o.s.o.j.p.SpringPersistenceUnitInfo      : No LoadTimeWeaver setup: ignoring JPA class transformer
2023-06-10T21:19:51.650-04:00  INFO 22156 --- [           main] org.hibernate.orm.dialect                : HHH035001: Using dialect: org.hibernate.dialect.H2Dialect, version: 2.1.214
2023-06-10T21:19:51.736-04:00  INFO 22156 --- [           main] o.h.b.i.BytecodeProviderInitiator        : HHH000021: Bytecode provider name : bytebuddy
2023-06-10T21:19:51.874-04:00  INFO 22156 --- [           main] o.h.e.t.j.p.i.JtaPlatformInitiator       : HHH000490: Using JtaPlatform implementation: [org.hibernate.engine.transaction.jta.platform.internal.NoJtaPlatform]
2023-06-10T21:19:51.882-04:00  INFO 22156 --- [           main] j.LocalContainerEntityManagerFactoryBean : Initialized JPA EntityManagerFactory for persistence unit 'default'
Data loader initialized....
2023-06-10T21:19:52.088-04:00  WARN 22156 --- [           main] JpaBaseConfiguration$JpaWebConfiguration : spring.jpa.open-in-view is enabled by default. Therefore, database queries may be performed during view rendering. Explicitly configure spring.jpa.open-in-view to disable this warning
2023-06-10T21:19:52.372-04:00  INFO 22156 --- [           main] o.s.b.a.w.s.WelcomePageHandlerMapping    : Adding welcome page template: index
2023-06-10T21:19:53.690-04:00  INFO 22156 --- [           main] o.s.b.a.e.web.EndpointLinksResolver      : Exposing 1 endpoint(s) beneath base path '/actuator'
2023-06-10T21:19:53.837-04:00  INFO 22156 --- [           main] g.s.s.SfgPetClinicApplicationTests       : Started SfgPetClinicApplicationTests in 4.536 seconds (process running for 5.459)
Loaded owners....
Loaded vets....
]]></system-out>
  </testcase>
</testsuite>