<?xml version="1.0" encoding="UTF-8"?>
<testsuite xmlns:xsi="http://www.w3.org/2001/XMLSchema-instance" xsi:noNamespaceSchemaLocation="https://maven.apache.org/surefire/maven-surefire-plugin/xsd/surefire-test-report-3.0.xsd" version="3.0" name="guru.springframework.sfgpetclinic.controllers.OwnerControllerTest" time="1.619" tests="3" errors="0" skipped="0" failures="0">
  <properties>
[...]
</properties>
  <testcase name="listOwnersByIndex" classname="guru.springframework.sfgpetclinic.controllers.OwnerControllerTest" time="1.583">
    <system-out><![CDATA[12:13:58.330 [main] INFO org.springframework.mock.web.MockServletContext -- Initializing Spring TestDispatcherServlet ''
12:13:58.333 [main] INFO org.springframework.test.web.servlet.TestDispatcherServlet -- Initializing Servlet ''
12:13:58.337 [main] INFO org.springframework.test.web.servlet.TestDispatcherServlet -- Completed initialization in 2 ms
guru.springframework.sfgpetclinic.model.Owner@3c
guru.springframework.sfgpetclinic.model.Owner@3d
]]></system-out>
  </testcase>
  <testcase name="findOwners" classname="guru.springframework.sfgpetclinic.controllers.OwnerControllerTest" time="0.009">
    <system-out><![CDATA[12:13:58.412 [main] INFO org.springframework.mock.web.MockServletContext -- Initializing Spring TestDispatcherServlet ''
12:13:58.412 [main] INFO org.springframework.test.web.servlet.TestDispatcherServlet -- Initializing Servlet ''
12:13:58.412 [main] INFO org.springframework.test.web.servlet.TestDispatcherServlet -- Completed initialization in 0 ms
]]></system-out>
  </testcase>
  <testcase name="listOwners" classname="guru.springframework.sfgpetclinic.controllers.OwnerControllerTest" time="0.007">
    <system-out><![CDATA[12:13:58.420 [main] INFO org.springframework.mock.web.MockServletContext -- Initializing Spring TestDispatcherServlet ''
12:13:58.421 [main] INFO org.springframework.test.web.servlet.TestDispatcherServlet -- Initializing Servlet ''
12:13:58.421 [main] INFO org.springframework.test.web.servlet.TestDispatcherServlet -- Completed initialization in 0 ms
guru.springframework.sfgpetclinic.model.Owner@3c
guru.springframework.sfgpetclinic.model.Owner@3d
]]></system-out>
  </testcase>
</testsuite>