<?xml version="1.0" encoding="UTF-8"?>
<testsuite xmlns:xsi="http://www.w3.org/2001/XMLSchema-instance" xsi:noNamespaceSchemaLocation="https://maven.apache.org/surefire/maven-surefire-plugin/xsd/surefire-test-report-3.0.xsd" version="3.0" name="guru.springframework.sfgpetclinic.services.springdatajpa.OwnerSDJpaServiceTest" time="1.199" tests="6" errors="0" skipped="0" failures="0">
  <properties>
[...]
</properties>
  <testcase name="delete" classname="guru.springframework.sfgpetclinic.services.springdatajpa.OwnerSDJpaServiceTest" time="1.158"/>
  <testcase name="findAll" classname="guru.springframework.sfgpetclinic.services.springdatajpa.OwnerSDJpaServiceTest" time="0.014"/>
  <testcase name="findById" classname="guru.springframework.sfgpetclinic.services.springdatajpa.OwnerSDJpaServiceTest" time="0.005"/>
  <testcase name="save" classname="guru.springframework.sfgpetclinic.services.springdatajpa.OwnerSDJpaServiceTest" time="0.005"/>
  <testcase name="findByLastName" classname="guru.springframework.sfgpetclinic.services.springdatajpa.OwnerSDJpaServiceTest" time="0.003"/>
  <testcase name="deleteById" classname="guru.springframework.sfgpetclinic.services.springdatajpa.OwnerSDJpaServiceTest" time="0.002"/>
</testsuite>